<?xml version="1.0" encoding="UTF-8"?>
<!-- Generated by org.testng.reporters.JUnitXMLReporter -->
<testsuite hostname="happy-PC" ignored="0" name="test-1" tests="6" failures="0" timestamp="25 Oct 2019 04:34:21 GMT" time="0.204" errors="0">
  <testcase name="Tc01" time="0.016" classname="com.rex.T.T7"/>
  <testcase name="Tc01" time="0.016" classname="com.rex.T.T6"/>
  <testcase name="Tc02" time="0.0" classname="com.rex.T.T7"/>
  <testcase name="Tc03" time="0.016" classname="com.rex.T.T7"/>
  <testcase name="Tc02" time="0.032" classname="com.rex.T.T6"/>
  <testcase name="Tc03" time="0.016" classname="com.rex.T.T6"/>
</testsuite> <!-- test-1 -->
