<?xml version="1.0" encoding="UTF-8"?>
<!-- Generated by org.testng.reporters.JUnitReportReporter -->
<testsuite skipped="0" hostname="happy-PC" name="companies.NewTest" tests="1" failures="0" timestamp="25 Sep 2019 16:34:19 GMT" time="17.022" errors="0">
  <testcase name="demo" time="17.022" classname="companies.NewTest"/>
</testsuite> <!-- companies.NewTest -->
