<?xml version="1.0" encoding="UTF-8"?>
<!-- Generated by org.testng.reporters.JUnitXMLReporter -->
<testsuite hostname="happy-PC" ignored="0" name="test-1" tests="6" failures="0" timestamp="22 Oct 2019 03:31:38 GMT" time="0.157" errors="0">
  <testcase name="test1" time="0.031" classname="testNG.T7"/>
  <testcase name="test2" time="0.0" classname="testNG.T7"/>
  <testcase name="test3" time="0.0" classname="testNG.T7"/>
  <testcase name="test4" time="0.0" classname="testNG.T7"/>
  <testcase name="test5" time="0.016" classname="testNG.T7"/>
  <testcase name="test6" time="0.0" classname="testNG.T7"/>
</testsuite> <!-- test-1 -->
