<?xml version="1.0" encoding="UTF-8"?>
<!-- Generated by org.testng.reporters.JUnitReportReporter -->
<testsuite skipped="0" hostname="happy-PC" name="home.VerifyHomePage" tests="1" failures="0" timestamp="16 Sep 2019 04:35:55 GMT" time="0.009" errors="0">
  <testcase name="f" time="0.009" classname="home.VerifyHomePage"/>
</testsuite> <!-- home.VerifyHomePage -->
