<?xml version="1.0" encoding="UTF-8"?>
<!-- Generated by org.testng.reporters.JUnitReportReporter -->
<testsuite skipped="0" hostname="happy-PC" name="home.TC001_VerifyHomePage" tests="1" failures="0" timestamp="18 Sep 2019 11:04:05 GMT" time="10.588" errors="0">
  <testcase name="home" time="10.588" classname="home.TC001_VerifyHomePage"/>
</testsuite> <!-- home.TC001_VerifyHomePage -->
