<?xml version="1.0" encoding="UTF-8"?>
<!-- Generated by org.testng.reporters.JUnitReportReporter -->
<testsuite skipped="0" hostname="happy-PC" name="com.icthealth.hinai.test.TestBase" tests="1" failures="0" timestamp="04 Aug 2019 09:14:24 GMT" time="16.149" errors="0">
  <testcase name="beforeSuite" time="16.149" classname="com.icthealth.hinai.test.TestBase"/>
</testsuite> <!-- com.icthealth.hinai.test.TestBase -->
