<?xml version="1.0" encoding="UTF-8"?>
<!-- Generated by org.testng.reporters.JUnitReportReporter -->
<testsuite skipped="0" hostname="happy-PC" name="com.icthealth.hinai.test.HINAI_Login" tests="1" failures="0" timestamp="06 Aug 2019 05:45:17 GMT" time="42.050" errors="0">
  <testcase name="init" time="42.050" classname="com.icthealth.hinai.test.HINAI_Login"/>
</testsuite> <!-- com.icthealth.hinai.test.HINAI_Login -->
