<?xml version="1.0" encoding="UTF-8"?>
<!-- Generated by org.testng.reporters.JUnitReportReporter -->
<testsuite skipped="0" hostname="happy-PC" name="testCase.Tc001" tests="1" failures="0" timestamp="26 Oct 2019 10:35:09 GMT" time="11.779" errors="0">
  <testcase name="VerifyLogin" time="11.779" classname="testCase.Tc001"/>
</testsuite> <!-- testCase.Tc001 -->
