<?xml version="1.0" encoding="UTF-8"?>
<!-- Generated by org.testng.reporters.JUnitReportReporter -->
<testsuite skipped="0" hostname="happy-PC" name="com.durgasoft.ecommerce.homepage.TC001_CustomerRegistration" tests="1" failures="0" timestamp="21 Sep 2019 05:44:43 GMT" time="18.140" errors="0">
  <testcase name="customerRegistration" time="18.140" classname="com.durgasoft.ecommerce.homepage.TC001_CustomerRegistration"/>
</testsuite> <!-- com.durgasoft.ecommerce.homepage.TC001_CustomerRegistration -->
