<?xml version="1.0" encoding="UTF-8"?>
<!-- Generated by org.testng.reporters.JUnitReportReporter -->
<testsuite skipped="0" hostname="happy-PC" name="com.rashmi.TestNG.GetAllDropdown" tests="1" failures="0" timestamp="06 Aug 2019 15:49:48 GMT" time="6.982" errors="0">
  <testcase name="getalldropdown" time="6.982" classname="com.rashmi.TestNG.GetAllDropdown"/>
</testsuite> <!-- com.rashmi.TestNG.GetAllDropdown -->
