<?xml version="1.0" encoding="UTF-8"?>
<!-- Generated by org.testng.reporters.JUnitReportReporter -->
<testsuite skipped="3" hostname="happy-PC" name="com.rashmi.TestNG.HMS_Login_Using_XML" tests="3" failures="0" timestamp="06 Aug 2019 03:50:07 GMT" time="0.000" errors="0">
  <testcase name="verify_login" time="0.000" classname="com.rashmi.TestNG.HMS_Login_Using_XML">
    <skipped/>
  </testcase> <!-- verify_login -->
  <testcase name="verify_logout" time="0.000" classname="com.rashmi.TestNG.HMS_Login_Using_XML">
    <skipped/>
  </testcase> <!-- verify_logout -->
  <testcase name="fill_RegdForm" time="0.000" classname="com.rashmi.TestNG.HMS_Login_Using_XML">
    <skipped/>
  </testcase> <!-- fill_RegdForm -->
</testsuite> <!-- com.rashmi.TestNG.HMS_Login_Using_XML -->
