<?xml version="1.0" encoding="UTF-8"?>
<!-- Generated by org.testng.reporters.JUnitReportReporter -->
<testsuite skipped="0" hostname="happy-PC" name="com.rashmi.TestNG.JavascriptExecuter_Demo" tests="1" failures="0" timestamp="29 Aug 2019 10:44:05 GMT" time="3.480" errors="0">
  <testcase name="JSE_Demo" time="3.480" classname="com.rashmi.TestNG.JavascriptExecuter_Demo"/>
</testsuite> <!-- com.rashmi.TestNG.JavascriptExecuter_Demo -->
