<?xml version="1.0" encoding="UTF-8"?>
<!-- Generated by org.testng.reporters.JUnitReportReporter -->
<testsuite skipped="0" hostname="happy-PC" name="com.rashmi.TestNG.GetAllTextBox" tests="1" failures="0" timestamp="06 Aug 2019 16:45:55 GMT" time="2.898" errors="0">
  <testcase name="getAllTextBox" time="2.898" classname="com.rashmi.TestNG.GetAllTextBox"/>
</testsuite> <!-- com.rashmi.TestNG.GetAllTextBox -->
