<?xml version="1.0" encoding="UTF-8"?>
<!-- Generated by org.testng.reporters.JUnitReportReporter -->
<testsuite skipped="0" hostname="happy-PC" name="com.rashmi.guru99.LinkText_11" tests="1" failures="0" timestamp="10 Aug 2019 06:23:07 GMT" time="15.583" errors="0">
  <testcase name="link_demo" time="15.583" classname="com.rashmi.guru99.LinkText_11"/>
</testsuite> <!-- com.rashmi.guru99.LinkText_11 -->
