<?xml version="1.0" encoding="UTF-8"?>
<!-- Generated by org.testng.reporters.JUnitReportReporter -->
<testsuite skipped="0" hostname="happy-PC" name="com.rashmi.TestNG.CheckboxDemo" tests="1" failures="0" timestamp="23 Aug 2019 13:29:45 GMT" time="1.145" errors="0">
  <testcase name="f" time="1.145" classname="com.rashmi.TestNG.CheckboxDemo"/>
</testsuite> <!-- com.rashmi.TestNG.CheckboxDemo -->
