<?xml version="1.0" encoding="UTF-8"?>
<!-- Generated by org.testng.reporters.JUnitReportReporter -->
<testsuite skipped="0" hostname="happy-PC" name="com.rashmi.TestNG.Sikuli_Demo_1" tests="1" failures="0" timestamp="22 Aug 2019 10:05:05 GMT" time="2.797" errors="0">
  <testcase name="demo_1" time="2.797" classname="com.rashmi.TestNG.Sikuli_Demo_1"/>
</testsuite> <!-- com.rashmi.TestNG.Sikuli_Demo_1 -->
