<?xml version="1.0" encoding="UTF-8"?>
<!-- Generated by org.testng.reporters.JUnitReportReporter -->
<testsuite skipped="0" hostname="happy-PC" name="com.rashmi.TestNG.HMS_Login_Using_Excel_Data" tests="1" failures="0" timestamp="12 Aug 2019 14:51:49 GMT" time="6.882" errors="0">
  <testcase name="login" time="6.882" classname="com.rashmi.TestNG.HMS_Login_Using_Excel_Data"/>
</testsuite> <!-- com.rashmi.TestNG.HMS_Login_Using_Excel_Data -->
