<?xml version="1.0" encoding="UTF-8"?>
<!-- Generated by org.testng.reporters.JUnitReportReporter -->
<testsuite skipped="0" hostname="happy-PC" name="com.rashmi.com.rashmi.TestNG.Screenshottt" tests="1" failures="0" timestamp="12 Sep 2019 09:49:07 GMT" time="17.308" errors="0">
  <testcase name="ss" time="17.308" classname="com.rashmi.com.rashmi.TestNG.Screenshottt"/>
</testsuite> <!-- com.rashmi.com.rashmi.TestNG.Screenshottt -->
