<?xml version="1.0" encoding="UTF-8"?>
<!-- Generated by org.testng.reporters.JUnitReportReporter -->
<testsuite skipped="0" hostname="happy-PC" name="com.rashmi.TestNG.test" tests="2" failures="0" timestamp="01 Aug 2019 05:54:33 GMT" time="7.368" errors="0">
  <testcase name="verify_Login" time="7.352" classname="com.rashmi.TestNG.test"/>
  <testcase name="f" time="0.016" classname="com.rashmi.TestNG.test"/>
</testsuite> <!-- com.rashmi.TestNG.test -->
