<?xml version="1.0" encoding="UTF-8"?>
<!-- Generated by org.testng.reporters.JUnitReportReporter -->
<testsuite skipped="0" hostname="happy-PC" name="com.rashmi.TestNG.NewTest1" tests="1" failures="0" timestamp="25 Aug 2019 14:35:56 GMT" time="6.337" errors="0">
  <testcase name="verifylogin" time="6.337" classname="com.rashmi.TestNG.NewTest1"/>
</testsuite> <!-- com.rashmi.TestNG.NewTest1 -->
