<?xml version="1.0" encoding="UTF-8"?>
<!-- Generated by org.testng.reporters.JUnitReportReporter -->
<testsuite skipped="0" hostname="happy-PC" name="com.rashmi.guru99.ImageClick_9" tests="1" failures="0" timestamp="08 Aug 2019 01:58:56 GMT" time="0.010" errors="0">
  <testcase name="f" time="0.010" classname="com.rashmi.guru99.ImageClick_9"/>
</testsuite> <!-- com.rashmi.guru99.ImageClick_9 -->
