<?xml version="1.0" encoding="UTF-8"?>
<!-- Generated by org.testng.reporters.JUnitReportReporter -->
<testsuite skipped="0" hostname="happy-PC" name="com.rashmi.TestNG.AnnotationDemo" tests="3" failures="0" timestamp="05 Sep 2019 14:52:54 GMT" time="0.035" errors="0">
  <testcase name="A" time="0.027" classname="com.rashmi.TestNG.AnnotationDemo"/>
  <testcase name="C" time="0.005" classname="com.rashmi.TestNG.AnnotationDemo"/>
  <testcase name="B" time="0.003" classname="com.rashmi.TestNG.AnnotationDemo"/>
</testsuite> <!-- com.rashmi.TestNG.AnnotationDemo -->
