<?xml version="1.0" encoding="UTF-8"?>
<!-- Generated by org.testng.reporters.JUnitReportReporter -->
<testsuite skipped="0" hostname="happy-PC" name="com.rashmi.guru99.FileUploadDownload_13" tests="1" failures="0" timestamp="22 Aug 2019 14:23:58 GMT" time="0.518" errors="0">
  <testcase name="fileupload" time="0.518" classname="com.rashmi.guru99.FileUploadDownload_13"/>
</testsuite> <!-- com.rashmi.guru99.FileUploadDownload_13 -->
