<?xml version="1.0" encoding="UTF-8"?>
<!-- Generated by org.testng.reporters.JUnitReportReporter -->
<testsuite skipped="0" hostname="happy-PC" name="com.rashmi.TestNG.DragDrop" tests="1" failures="0" timestamp="03 Nov 2019 05:56:51 GMT" time="0.513" errors="0">
  <testcase name="dragdropTest" time="0.513" classname="com.rashmi.TestNG.DragDrop"/>
</testsuite> <!-- com.rashmi.TestNG.DragDrop -->
