<?xml version="1.0" encoding="UTF-8"?>
<!-- Generated by org.testng.reporters.JUnitReportReporter -->
<testsuite skipped="0" hostname="happy-PC" name="com.rashmi.TestNG.Actions_Demo" tests="1" failures="0" timestamp="11 Aug 2019 17:55:43 GMT" time="8.522" errors="0">
  <testcase name="mouseEvents" time="8.522" classname="com.rashmi.TestNG.Actions_Demo"/>
</testsuite> <!-- com.rashmi.TestNG.Actions_Demo -->
