<?xml version="1.0" encoding="UTF-8"?>
<!-- Generated by org.testng.reporters.JUnitReportReporter -->
<testsuite skipped="0" hostname="happy-PC" name="com.rashmi.TestNG.Sshot" tests="1" failures="0" timestamp="12 Sep 2019 10:11:35 GMT" time="0.939" errors="0">
  <testcase name="Screenshotdemo" time="0.939" classname="com.rashmi.TestNG.Sshot"/>
</testsuite> <!-- com.rashmi.TestNG.Sshot -->
