<?xml version="1.0" encoding="UTF-8"?>
<!-- Generated by org.testng.reporters.JUnitReportReporter -->
<testsuite skipped="0" hostname="happy-PC" name="com.rashmi.guru99.WebTable_Dynamic_17" tests="1" failures="0" timestamp="10 Aug 2019 15:05:43 GMT" time="6.434" errors="0">
  <testcase name="webTable_Dynamic" time="6.434" classname="com.rashmi.guru99.WebTable_Dynamic_17"/>
</testsuite> <!-- com.rashmi.guru99.WebTable_Dynamic_17 -->
