<?xml version="1.0" encoding="UTF-8"?>
<!-- Generated by org.testng.reporters.JUnitReportReporter -->
<testsuite skipped="0" hostname="happy-PC" name="com.rashmi.TestNG.Actions_Drag_Drop" tests="1" failures="0" timestamp="12 Aug 2019 02:31:31 GMT" time="9.941" errors="0">
  <testcase name="dragDrop" time="9.941" classname="com.rashmi.TestNG.Actions_Drag_Drop"/>
</testsuite> <!-- com.rashmi.TestNG.Actions_Drag_Drop -->
