<?xml version="1.0" encoding="UTF-8"?>
<!-- Generated by org.testng.reporters.JUnitReportReporter -->
<testsuite skipped="0" hostname="happy-PC" name="com.rashmi.TestNG.Sikuli_demo3_gmai" tests="1" failures="0" timestamp="24 Aug 2019 14:39:46 GMT" time="119.801" errors="0">
  <testcase name="sendmail" time="119.801" classname="com.rashmi.TestNG.Sikuli_demo3_gmai"/>
</testsuite> <!-- com.rashmi.TestNG.Sikuli_demo3_gmai -->
