<?xml version="1.0" encoding="UTF-8"?>
<!-- Generated by org.testng.reporters.JUnitReportReporter -->
<testsuite skipped="0" hostname="happy-PC" name="com.rashmi.guru99.Locators_5" tests="1" failures="0" timestamp="09 Aug 2019 17:25:16 GMT" time="34.977" errors="0">
  <testcase name="Element_Locators_demo" time="34.977" classname="com.rashmi.guru99.Locators_5"/>
</testsuite> <!-- com.rashmi.guru99.Locators_5 -->
