<?xml version="1.0" encoding="UTF-8"?>
<!-- Generated by org.testng.reporters.JUnitReportReporter -->
<testsuite skipped="0" hostname="happy-PC" name="com.rashmi.guru99.MouseKeyboard_Events_12" tests="1" failures="0" timestamp="22 Aug 2019 13:52:33 GMT" time="0.575" errors="0">
  <testcase name="actionClassDemo" time="0.575" classname="com.rashmi.guru99.MouseKeyboard_Events_12"/>
</testsuite> <!-- com.rashmi.guru99.MouseKeyboard_Events_12 -->
