<?xml version="1.0" encoding="UTF-8"?>
<!-- Generated by org.testng.reporters.JUnitReportReporter -->
<testsuite skipped="0" hostname="happy-PC" name="com.rashmi.TestNG.NewTest2" tests="1" failures="0" timestamp="25 Aug 2019 12:39:01 GMT" time="6.944" errors="0">
  <testcase name="verifylogin" time="6.944" classname="com.rashmi.TestNG.NewTest2"/>
</testsuite> <!-- com.rashmi.TestNG.NewTest2 -->
