<?xml version="1.0" encoding="UTF-8"?>
<!-- Generated by org.testng.reporters.JUnitReportReporter -->
<testsuite skipped="4" hostname="happy-PC" name="com.rashmi.TestNG.MouseAndKeyboardEvents" tests="5" failures="0" timestamp="30 Aug 2019 11:04:54 GMT" time="5.350" errors="0">
  <testcase name="reghtclick" time="5.350" classname="com.rashmi.TestNG.MouseAndKeyboardEvents"/>
  <testcase name="resize" classname="com.rashmi.TestNG.MouseAndKeyboardEvents">
    <skipped/>
  </testcase> <!-- resize -->
  <testcase name="f" classname="com.rashmi.TestNG.MouseAndKeyboardEvents">
    <skipped/>
  </testcase> <!-- f -->
  <testcase name="mouseEvents" classname="com.rashmi.TestNG.MouseAndKeyboardEvents">
    <skipped/>
  </testcase> <!-- mouseEvents -->
  <testcase name="dragDrop" classname="com.rashmi.TestNG.MouseAndKeyboardEvents">
    <skipped/>
  </testcase> <!-- dragDrop -->
</testsuite> <!-- com.rashmi.TestNG.MouseAndKeyboardEvents -->
