<?xml version="1.0" encoding="UTF-8"?>
<!-- Generated by org.testng.reporters.JUnitReportReporter -->
<testsuite skipped="0" hostname="happy-PC" name="com.rashmi.TestNG.HMS_Login_Using_OR" tests="1" failures="0" timestamp="12 Aug 2019 17:43:55 GMT" time="7.098" errors="0">
  <testcase name="objectRepositoryDemo" time="7.098" classname="com.rashmi.TestNG.HMS_Login_Using_OR"/>
</testsuite> <!-- com.rashmi.TestNG.HMS_Login_Using_OR -->
