<?xml version="1.0" encoding="UTF-8"?>
<!-- Generated by org.testng.reporters.JUnitReportReporter -->
<testsuite skipped="0" hostname="happy-PC" name="com.rashmi.TestNG.ATUTestrecorder_demo" tests="2" failures="0" timestamp="21 Aug 2019 14:32:15 GMT" time="10.998" errors="0">
  <testcase name="verify_login" time="7.447" classname="com.rashmi.TestNG.ATUTestrecorder_demo"/>
  <testcase name="verify_logout" time="3.551" classname="com.rashmi.TestNG.ATUTestrecorder_demo"/>
</testsuite> <!-- com.rashmi.TestNG.ATUTestrecorder_demo -->
