<?xml version="1.0" encoding="UTF-8"?>
<!-- Generated by org.testng.reporters.JUnitReportReporter -->
<testsuite skipped="1" hostname="happy-PC" name="com.rashmi.TestNG.google_lang_select" tests="1" failures="0" timestamp="06 Aug 2019 03:50:07 GMT" time="0.000" errors="0">
  <testcase name="change_lang" time="0.000" classname="com.rashmi.TestNG.google_lang_select">
    <skipped/>
  </testcase> <!-- change_lang -->
</testsuite> <!-- com.rashmi.TestNG.google_lang_select -->
