<?xml version="1.0" encoding="UTF-8"?>
<!-- Generated by org.testng.reporters.JUnitReportReporter -->
<testsuite skipped="0" hostname="happy-PC" name="com.rashmi.guru99.Window_Handeling_15" tests="1" failures="0" timestamp="10 Aug 2019 14:03:38 GMT" time="3.948" errors="0">
  <testcase name="window_handle" time="3.948" classname="com.rashmi.guru99.Window_Handeling_15"/>
</testsuite> <!-- com.rashmi.guru99.Window_Handeling_15 -->
