<?xml version="1.0" encoding="UTF-8"?>
<!-- Generated by org.testng.reporters.JUnitReportReporter -->
<testsuite skipped="0" hostname="happy-PC" name="com.rashmi.TestNG.Xpath_All" tests="1" failures="0" timestamp="21 Aug 2019 13:18:14 GMT" time="31.616" errors="0">
  <testcase name="xpath_demo" time="31.616" classname="com.rashmi.TestNG.Xpath_All"/>
</testsuite> <!-- com.rashmi.TestNG.Xpath_All -->
