<?xml version="1.0" encoding="UTF-8"?>
<!-- Generated by org.testng.reporters.JUnitReportReporter -->
<testsuite skipped="0" hostname="happy-PC" name="com.rashmi.TestNG.InsertDataIntoExcel" tests="1" failures="0" timestamp="12 Aug 2019 18:54:49 GMT" time="0.390" errors="0">
  <testcase name="addTestDataToResultFile" time="0.390" classname="com.rashmi.TestNG.InsertDataIntoExcel"/>
</testsuite> <!-- com.rashmi.TestNG.InsertDataIntoExcel -->
