<?xml version="1.0" encoding="UTF-8"?>
<!-- Generated by org.testng.reporters.JUnitReportReporter -->
<testsuite skipped="0" hostname="happy-PC" name="com.rashmi.TestNG.Sikuli_demo2" tests="1" failures="0" timestamp="24 Aug 2019 10:03:31 GMT" time="12.683" errors="0">
  <testcase name="sikulidemo" time="12.683" classname="com.rashmi.TestNG.Sikuli_demo2"/>
</testsuite> <!-- com.rashmi.TestNG.Sikuli_demo2 -->
