<?xml version="1.0" encoding="UTF-8"?>
<!-- Generated by org.testng.reporters.JUnitReportReporter -->
<testsuite skipped="0" hostname="happy-PC" name="com.rashmi.TestNG.GetAllRButton" tests="2" failures="0" timestamp="06 Aug 2019 17:36:23 GMT" time="11.964" errors="0">
  <testcase name="getCheckBox" time="5.333" classname="com.rashmi.TestNG.GetAllRButton"/>
  <testcase name="getRadButton" time="6.631" classname="com.rashmi.TestNG.GetAllRButton"/>
</testsuite> <!-- com.rashmi.TestNG.GetAllRButton -->
