<?xml version="1.0" encoding="UTF-8"?>
<!-- Generated by org.testng.reporters.JUnitReportReporter -->
<testsuite skipped="0" hostname="happy-PC" name="com.rashmi.TestNG.DetectLinks" tests="1" failures="0" timestamp="06 Aug 2019 13:06:38 GMT" time="51.458" errors="0">
  <testcase name="get_All_Links" time="51.458" classname="com.rashmi.TestNG.DetectLinks"/>
</testsuite> <!-- com.rashmi.TestNG.DetectLinks -->
