<?xml version="1.0" encoding="UTF-8"?>
<!-- Generated by org.testng.reporters.JUnitReportReporter -->
<testsuite skipped="4" hostname="happy-PC" name="com.rashmi.TestNG.ScreenShot" tests="5" failures="0" timestamp="28 Aug 2019 15:39:15 GMT" time="61.849" errors="0">
  <testcase name="dateTimeScreenShot" time="61.849" classname="com.rashmi.TestNG.ScreenShot"/>
  <testcase name="functionBasedScreenshot" classname="com.rashmi.TestNG.ScreenShot">
    <skipped/>
  </testcase> <!-- functionBasedScreenshot -->
  <testcase name="normalScrrnShot" classname="com.rashmi.TestNG.ScreenShot">
    <skipped/>
  </testcase> <!-- normalScrrnShot -->
  <testcase name="normalscreenshot" classname="com.rashmi.TestNG.ScreenShot">
    <skipped/>
  </testcase> <!-- normalscreenshot -->
  <testcase name="conditionbasedScreenShot" classname="com.rashmi.TestNG.ScreenShot">
    <skipped/>
  </testcase> <!-- conditionbasedScreenShot -->
</testsuite> <!-- com.rashmi.TestNG.ScreenShot -->
