<?xml version="1.0" encoding="UTF-8"?>
<!-- Generated by org.testng.reporters.JUnitReportReporter -->
<testsuite skipped="0" hostname="happy-PC" name="com.rashmi.TestNG.RadioButtonDemo" tests="1" failures="0" timestamp="23 Aug 2019 16:40:22 GMT" time="56.912" errors="0">
  <testcase name="radioDem" time="56.912" classname="com.rashmi.TestNG.RadioButtonDemo"/>
</testsuite> <!-- com.rashmi.TestNG.RadioButtonDemo -->
