<?xml version="1.0" encoding="UTF-8"?>
<!-- Generated by org.testng.reporters.JUnitReportReporter -->
<testsuite skipped="0" hostname="happy-PC" name="com.rashmi.TestNG.TraditionalDropdown_FB" tests="1" failures="0" timestamp="22 Aug 2019 11:59:58 GMT" time="21.794" errors="0">
  <testcase name="monthDropDown" time="21.794" classname="com.rashmi.TestNG.TraditionalDropdown_FB"/>
</testsuite> <!-- com.rashmi.TestNG.TraditionalDropdown_FB -->
