<?xml version="1.0" encoding="UTF-8"?>
<!-- Generated by org.testng.reporters.JUnitReportReporter -->
<testsuite skipped="0" hostname="happy-PC" name="com.rashmi.TestNG.HMS_Login" tests="2" failures="0" timestamp="20 Aug 2019 12:48:43 GMT" time="10.536" errors="0">
  <testcase name="verify_login" time="9.833" classname="com.rashmi.TestNG.HMS_Login"/>
  <testcase name="verify_logout" time="0.703" classname="com.rashmi.TestNG.HMS_Login"/>
</testsuite> <!-- com.rashmi.TestNG.HMS_Login -->
