<?xml version="1.0" encoding="UTF-8"?>
<!-- Generated by org.testng.reporters.JUnitReportReporter -->
<testsuite skipped="0" hostname="happy-PC" name="com.rashmi.TestNG.DemoGetOption" tests="1" failures="0" timestamp="06 Aug 2019 12:41:30 GMT" time="7.689" errors="0">
  <testcase name="option" time="7.689" classname="com.rashmi.TestNG.DemoGetOption"/>
</testsuite> <!-- com.rashmi.TestNG.DemoGetOption -->
