<?xml version="1.0" encoding="UTF-8"?>
<!-- Generated by org.testng.reporters.JUnitReportReporter -->
<testsuite skipped="0" hostname="happy-PC" name="com.rashmi.guru99.Alert_Handeling_15" tests="1" failures="0" timestamp="10 Aug 2019 12:43:54 GMT" time="4.595" errors="0">
  <testcase name="alert" time="4.595" classname="com.rashmi.guru99.Alert_Handeling_15"/>
</testsuite> <!-- com.rashmi.guru99.Alert_Handeling_15 -->
