<?xml version="1.0" encoding="UTF-8"?>
<!-- Generated by org.testng.reporters.JUnitReportReporter -->
<testsuite skipped="0" hostname="happy-PC" name="com.rashmi.TestNG.HMS_Login_Retesting" tests="1" failures="0" timestamp="12 Aug 2019 18:08:26 GMT" time="16.893" errors="0">
  <testcase name="multipleTestDataFromExcel" time="16.893" classname="com.rashmi.TestNG.HMS_Login_Retesting"/>
</testsuite> <!-- com.rashmi.TestNG.HMS_Login_Retesting -->
