<?xml version="1.0" encoding="UTF-8"?>
<!-- Generated by org.testng.reporters.JUnitReportReporter -->
<testsuite skipped="0" hostname="happy-PC" name="com.rashmi.TestNG.AutoITDemo" tests="1" failures="0" timestamp="27 Aug 2019 13:58:29 GMT" time="6.447" errors="0">
  <testcase name="HMSRegd" time="6.447" classname="com.rashmi.TestNG.AutoITDemo"/>
</testsuite> <!-- com.rashmi.TestNG.AutoITDemo -->
