<?xml version="1.0" encoding="UTF-8"?>
<!-- Generated by org.testng.reporters.JUnitReportReporter -->
<testsuite skipped="0" hostname="happy-PC" name="com.rashmi.TestNG.CheckboxDemo2" tests="1" failures="0" timestamp="23 Aug 2019 14:13:00 GMT" time="2.169" errors="0">
  <testcase name="checkboxdemo" time="2.169" classname="com.rashmi.TestNG.CheckboxDemo2"/>
</testsuite> <!-- com.rashmi.TestNG.CheckboxDemo2 -->
