<?xml version="1.0" encoding="UTF-8"?>
<!-- Generated by org.testng.reporters.JUnitReportReporter -->
<testsuite skipped="0" hostname="happy-PC" name="com.rashmi.TestNG.GetAllText" tests="1" failures="0" timestamp="07 Aug 2019 15:04:48 GMT" time="0.888" errors="0">
  <testcase name="getText" time="0.888" classname="com.rashmi.TestNG.GetAllText"/>
</testsuite> <!-- com.rashmi.TestNG.GetAllText -->
