<?xml version="1.0" encoding="UTF-8"?>
<!-- Generated by org.testng.reporters.JUnitReportReporter -->
<testsuite skipped="0" hostname="happy-PC" name="com.rashmi.TestNG.UseInternalDriver" tests="1" failures="0" timestamp="27 Aug 2019 12:12:55 GMT" time="0.017" errors="0">
  <testcase name="f" time="0.017" classname="com.rashmi.TestNG.UseInternalDriver"/>
</testsuite> <!-- com.rashmi.TestNG.UseInternalDriver -->
