<?xml version="1.0" encoding="UTF-8"?>
<!-- Generated by org.testng.reporters.JUnitReportReporter -->
<testsuite skipped="0" hostname="happy-PC" name="com.rashmi.TestNG.HMS_Login1" tests="3" failures="0" timestamp="01 Aug 2019 13:19:56 GMT" time="3.794" errors="0">
  <testcase name="verify_login" time="1.518" classname="com.rashmi.TestNG.HMS_Login1"/>
  <testcase name="fill_RegdForm" time="0.801" classname="com.rashmi.TestNG.HMS_Login1"/>
  <testcase name="verify_logout" time="1.475" classname="com.rashmi.TestNG.HMS_Login1"/>
</testsuite> <!-- com.rashmi.TestNG.HMS_Login1 -->
