<?xml version="1.0" encoding="UTF-8"?>
<!-- Generated by org.testng.reporters.JUnitReportReporter -->
<testsuite skipped="0" hostname="happy-PC" name="com.icthealth.hinai.Login_Using_Excel" tests="1" failures="0" timestamp="26 Aug 2019 11:20:12 GMT" time="17.917" errors="0">
  <testcase name="verifyLofin" time="17.917" classname="com.icthealth.hinai.Login_Using_Excel"/>
</testsuite> <!-- com.icthealth.hinai.Login_Using_Excel -->
