<?xml version="1.0" encoding="UTF-8"?>
<!-- Generated by org.testng.reporters.JUnitReportReporter -->
<testsuite skipped="1" hostname="happy-PC" name="com.rashmi.TestNG.Spicejet_webtable" tests="1" failures="0" timestamp="06 Aug 2019 03:50:07 GMT" time="0.000" errors="0">
  <testcase name="webtable_handle" time="0.000" classname="com.rashmi.TestNG.Spicejet_webtable">
    <skipped/>
  </testcase> <!-- webtable_handle -->
</testsuite> <!-- com.rashmi.TestNG.Spicejet_webtable -->
