<?xml version="1.0" encoding="UTF-8"?>
<!-- Generated by org.testng.reporters.JUnitReportReporter -->
<testsuite skipped="0" hostname="happy-PC" name="com.icthealth.hinai.HINAI_Login" tests="2" failures="0" timestamp="03 Aug 2019 06:30:49 GMT" time="47.940" errors="0">
  <testcase name="openURL" time="13.339" classname="com.icthealth.hinai.HINAI_Login"/>
  <testcase name="login" time="34.601" classname="com.icthealth.hinai.HINAI_Login"/>
</testsuite> <!-- com.icthealth.hinai.HINAI_Login -->
