<?xml version="1.0" encoding="UTF-8"?>
<!-- Generated by org.testng.reporters.JUnitReportReporter -->
<testsuite skipped="0" hostname="happy-PC" name="com.rashmi.guru99.TextBox_Button_7" tests="1" failures="0" timestamp="09 Aug 2019 05:56:42 GMT" time="17.252" errors="0">
  <testcase name="textBox_Demo" time="17.252" classname="com.rashmi.guru99.TextBox_Button_7"/>
</testsuite> <!-- com.rashmi.guru99.TextBox_Button_7 -->
