<?xml version="1.0" encoding="UTF-8"?>
<!-- Generated by org.testng.reporters.JUnitReportReporter -->
<testsuite skipped="0" hostname="happy-PC" name="com.rashmi.guru99.DropDownHandle_10" tests="2" failures="0" timestamp="09 Aug 2019 02:00:35 GMT" time="72.922" errors="0">
  <testcase name="single_Select" time="63.223" classname="com.rashmi.guru99.DropDownHandle_10"/>
  <testcase name="multiple_select" time="9.699" classname="com.rashmi.guru99.DropDownHandle_10"/>
</testsuite> <!-- com.rashmi.guru99.DropDownHandle_10 -->
