<?xml version="1.0" encoding="UTF-8"?>
<!-- Generated by org.testng.reporters.JUnitReportReporter -->
<testsuite skipped="0" hostname="happy-PC" name="com.rashmi.guru99.FindElement_Elements_6" tests="1" failures="0" timestamp="09 Aug 2019 14:10:56 GMT" time="5.254" errors="0">
  <testcase name="findWebElementDEMO" time="5.254" classname="com.rashmi.guru99.FindElement_Elements_6"/>
</testsuite> <!-- com.rashmi.guru99.FindElement_Elements_6 -->
