<?xml version="1.0" encoding="UTF-8"?>
<!-- Generated by org.testng.reporters.JUnitReportReporter -->
<testsuite skipped="1" hostname="happy-PC" name="com.rashmi.TestNG.NewTest" tests="1" failures="0" timestamp="06 Aug 2019 03:50:07 GMT" time="0.000" errors="0">
  <testcase name="f" time="0.000" classname="com.rashmi.TestNG.NewTest">
    <skipped/>
  </testcase> <!-- f -->
</testsuite> <!-- com.rashmi.TestNG.NewTest -->
