<?xml version="1.0" encoding="UTF-8"?>
<!-- Generated by org.testng.reporters.JUnitReportReporter -->
<testsuite skipped="0" hostname="happy-PC" name="com.rashmi.guru99.Priority_25" tests="3" failures="0" timestamp="10 Aug 2019 16:47:02 GMT" time="62.326" errors="0">
  <testcase name="openURL" time="50.284" classname="com.rashmi.guru99.Priority_25"/>
  <testcase name="Login" time="9.009" classname="com.rashmi.guru99.Priority_25"/>
  <testcase name="logout" time="3.033" classname="com.rashmi.guru99.Priority_25"/>
</testsuite> <!-- com.rashmi.guru99.Priority_25 -->
