<?xml version="1.0" encoding="UTF-8"?>
<!-- Generated by org.testng.reporters.JUnitReportReporter -->
<testsuite skipped="0" hostname="happy-PC" name="com.rashmi.TestNG.GetSomeLink" tests="1" failures="0" timestamp="22 Aug 2019 10:56:14 GMT" time="39.663" errors="0">
  <testcase name="getNavigationLink" time="39.663" classname="com.rashmi.TestNG.GetSomeLink"/>
</testsuite> <!-- com.rashmi.TestNG.GetSomeLink -->
