<?xml version="1.0" encoding="UTF-8"?>
<!-- Generated by org.testng.reporters.JUnitReportReporter -->
<testsuite skipped="0" hostname="happy-PC" name="com.rashmi.TestNG.CreateExcel" tests="1" failures="0" timestamp="12 Aug 2019 18:25:01 GMT" time="0.310" errors="0">
  <testcase name="create" time="0.310" classname="com.rashmi.TestNG.CreateExcel"/>
</testsuite> <!-- com.rashmi.TestNG.CreateExcel -->
