<?xml version="1.0" encoding="UTF-8"?>
<!-- Generated by org.testng.reporters.JUnitReportReporter -->
<testsuite skipped="0" hostname="happy-PC" name="com.rashmi.guru99.Tooltip_19" tests="1" failures="0" timestamp="10 Aug 2019 15:47:08 GMT" time="0.463" errors="0">
  <testcase name="getTooltip" time="0.463" classname="com.rashmi.guru99.Tooltip_19"/>
</testsuite> <!-- com.rashmi.guru99.Tooltip_19 -->
