<?xml version="1.0" encoding="UTF-8"?>
<!-- Generated by org.testng.reporters.JUnitReportReporter -->
<testsuite skipped="0" hostname="happy-PC" name="com.rashmi.TestNG.FacebookLogin" tests="1" failures="0" timestamp="30 Aug 2019 11:25:46 GMT" time="3.960" errors="0">
  <testcase name="verifyLogin" time="3.960" classname="com.rashmi.TestNG.FacebookLogin"/>
</testsuite> <!-- com.rashmi.TestNG.FacebookLogin -->
