<?xml version="1.0" encoding="UTF-8"?>
<!-- Generated by org.testng.reporters.JUnitReportReporter -->
<testsuite skipped="0" hostname="happy-PC" name="com.rashmi.guru99.CheckBox_RadioButton_Handle" tests="2" failures="0" timestamp="09 Aug 2019 05:12:11 GMT" time="4.146" errors="0">
  <testcase name="demoRadioButton" time="1.272" classname="com.rashmi.guru99.CheckBox_RadioButton_Handle"/>
  <testcase name="demoCheckBox" time="2.874" classname="com.rashmi.guru99.CheckBox_RadioButton_Handle"/>
</testsuite> <!-- com.rashmi.guru99.CheckBox_RadioButton_Handle -->
