<?xml version="1.0" encoding="UTF-8"?>
<!-- Generated by org.testng.reporters.JUnitReportReporter -->
<testsuite skipped="0" hostname="happy-PC" name="com.rashmi.TestNG.HMS_Login_Using_OR_PropertyFile" tests="1" failures="0" timestamp="29 Aug 2019 11:37:57 GMT" time="1.512" errors="0">
  <testcase name="f" time="1.512" classname="com.rashmi.TestNG.HMS_Login_Using_OR_PropertyFile"/>
</testsuite> <!-- com.rashmi.TestNG.HMS_Login_Using_OR_PropertyFile -->
