<?xml version="1.0" encoding="UTF-8"?>
<!-- Generated by org.testng.reporters.JUnitReportReporter -->
<testsuite skipped="0" hostname="happy-PC" name="com.rashmi.TestNG.ReadingDataFromExcel" tests="1" failures="0" timestamp="12 Aug 2019 14:41:17 GMT" time="0.301" errors="0">
  <testcase name="f" time="0.301" classname="com.rashmi.TestNG.ReadingDataFromExcel"/>
</testsuite> <!-- com.rashmi.TestNG.ReadingDataFromExcel -->
