<?xml version="1.0" encoding="UTF-8"?>
<!-- Generated by org.testng.reporters.JUnitReportReporter -->
<testsuite skipped="3" hostname="happy-PC" name="com.rashmi.practice.NewTest" tests="4" failures="0" timestamp="04 Sep 2019 13:37:48 GMT" time="10.127" errors="0">
  <testcase name="parameterPassingUsingEXCEL" time="10.127" classname="com.rashmi.practice.NewTest"/>
  <testcase name="parameterPassingUsingDP" classname="com.rashmi.practice.NewTest">
    <skipped/>
  </testcase> <!-- parameterPassingUsingDP -->
  <testcase name="parameterPassingByMethod" classname="com.rashmi.practice.NewTest">
    <skipped/>
  </testcase> <!-- parameterPassingByMethod -->
  <testcase name="parameterPassingUsingXML" classname="com.rashmi.practice.NewTest">
    <skipped/>
  </testcase> <!-- parameterPassingUsingXML -->
</testsuite> <!-- com.rashmi.practice.NewTest -->
