<?xml version="1.0" encoding="UTF-8"?>
<!-- Generated by org.testng.reporters.JUnitReportReporter -->
<testsuite skipped="0" hostname="happy-PC" name="com.rashmi.TestNG.NewTest4" tests="1" failures="0" timestamp="25 Aug 2019 15:29:25 GMT" time="7.684" errors="0">
  <testcase name="verifyLoginUsingExcel" time="7.684" classname="com.rashmi.TestNG.NewTest4"/>
</testsuite> <!-- com.rashmi.TestNG.NewTest4 -->
