<?xml version="1.0" encoding="UTF-8"?>
<!-- Generated by org.testng.reporters.JUnitReportReporter -->
<testsuite skipped="0" hostname="happy-PC" name="com.rashmi.guru99.WebTable_16" tests="2" failures="0" timestamp="10 Aug 2019 14:57:10 GMT" time="22.926" errors="0">
  <testcase name="webTable_Static" time="3.623" classname="com.rashmi.guru99.WebTable_16"/>
  <testcase name="webTable_Dynamic" time="19.303" classname="com.rashmi.guru99.WebTable_16"/>
</testsuite> <!-- com.rashmi.guru99.WebTable_16 -->
