<?xml version="1.0" encoding="UTF-8"?>
<!-- Generated by org.testng.reporters.JUnitReportReporter -->
<testsuite skipped="0" hostname="happy-PC" name="com.rashmi.TestNG.DemoGetText" tests="1" failures="0" timestamp="06 Aug 2019 11:30:26 GMT" time="5.844" errors="0">
  <testcase name="demoGetText" time="5.844" classname="com.rashmi.TestNG.DemoGetText"/>
</testsuite> <!-- com.rashmi.TestNG.DemoGetText -->
