<?xml version="1.0" encoding="UTF-8"?>
<!-- Generated by org.testng.reporters.JUnitReportReporter -->
<testsuite skipped="0" hostname="happy-PC" name="com.rashmi.TestNG.DetectVisibleLink" tests="1" failures="0" timestamp="06 Aug 2019 13:22:12 GMT" time="4.605" errors="0">
  <testcase name="visible_link" time="4.605" classname="com.rashmi.TestNG.DetectVisibleLink"/>
</testsuite> <!-- com.rashmi.TestNG.DetectVisibleLink -->
