<?xml version="1.0" encoding="UTF-8"?>
<!-- Generated by org.testng.reporters.JUnitReportReporter -->
<testsuite skipped="0" hostname="happy-PC" name="com.rashmi.TestNG.Actions_Demo_1" tests="1" failures="0" timestamp="12 Aug 2019 02:25:41 GMT" time="6.868" errors="0">
  <testcase name="mouse_Event" time="6.868" classname="com.rashmi.TestNG.Actions_Demo_1"/>
</testsuite> <!-- com.rashmi.TestNG.Actions_Demo_1 -->
