<?xml version="1.0" encoding="UTF-8"?>
<!-- Generated by org.testng.reporters.JUnitReportReporter -->
<testsuite skipped="1" hostname="happy-PC" name="com.rashmi.TestNG.Deafult_Currency" tests="1" failures="0" timestamp="08 Aug 2019 17:15:06 GMT" time="0.000" errors="0">
  <testcase name="checkDefaultCurrency" time="0.000" classname="com.rashmi.TestNG.Deafult_Currency">
    <skipped/>
  </testcase> <!-- checkDefaultCurrency -->
</testsuite> <!-- com.rashmi.TestNG.Deafult_Currency -->
