<?xml version="1.0" encoding="UTF-8"?>
<!-- Generated by org.testng.reporters.JUnitReportReporter -->
<testsuite skipped="0" hostname="happy-PC" name="apiTestDemo.test1" tests="1" failures="0" timestamp="11 Dec 2019 04:23:01 GMT" time="3.464" errors="0">
  <testcase name="getApiResponse" time="3.464" classname="apiTestDemo.test1"/>
</testsuite> <!-- apiTestDemo.test1 -->
