<?xml version="1.0" encoding="UTF-8"?>
<!-- Generated by org.testng.reporters.JUnitReportReporter -->
<testsuite skipped="0" hostname="happy-PC" name="com.rex.T.T5" tests="3" failures="0" timestamp="25 Oct 2019 04:18:20 GMT" time="0.032" errors="0">
  <testcase name="Tc01" time="0.000" classname="com.rex.T.T5"/>
  <testcase name="Tc03" time="0.016" classname="com.rex.T.T5"/>
  <testcase name="Tc02" time="0.016" classname="com.rex.T.T5"/>
</testsuite> <!-- com.rex.T.T5 -->
