<?xml version="1.0" encoding="UTF-8"?>
<!-- Generated by org.testng.reporters.JUnitReportReporter -->
<testsuite skipped="0" hostname="happy-PC" name="com.rex.T.T10" tests="1" failures="0" timestamp="25 Oct 2019 05:51:56 GMT" time="15.743" errors="0">
  <testcase name="VerifyLogin" time="15.743" classname="com.rex.T.T10"/>
</testsuite> <!-- com.rex.T.T10 -->
