<?xml version="1.0" encoding="UTF-8"?>
<!-- Generated by org.testng.reporters.JUnitReportReporter -->
<testsuite skipped="0" hostname="happy-PC" name="com.rex.U.U6" tests="1" failures="0" timestamp="09 Nov 2019 02:40:12 GMT" time="15.494" errors="0">
  <testcase name="VerifyLoginUsingDataProvider" time="15.494" classname="com.rex.U.U6"/>
</testsuite> <!-- com.rex.U.U6 -->
