<?xml version="1.0" encoding="UTF-8"?>
<!-- Generated by org.testng.reporters.JUnitReportReporter -->
<testsuite skipped="0" hostname="happy-PC" name="com.rex.U.U3" tests="1" failures="0" timestamp="30 Oct 2019 03:17:47 GMT" time="0.981" errors="0">
  <testcase name="verifyLogin" time="0.981" classname="com.rex.U.U3"/>
</testsuite> <!-- com.rex.U.U3 -->
