<?xml version="1.0" encoding="UTF-8"?>
<!-- Generated by org.testng.reporters.JUnitReportReporter -->
<testsuite skipped="0" hostname="happy-PC" name="com.rex.E.E3" tests="4" failures="0" timestamp="08 Nov 2019 02:36:52 GMT" time="0.031" errors="0">
  <testcase name="test1" time="0.015" classname="com.rex.E.E3"/>
  <testcase name="test2" time="0.016" classname="com.rex.E.E3"/>
  <testcase name="test3" time="0.000" classname="com.rex.E.E3"/>
  <testcase name="test4" time="0.000" classname="com.rex.E.E3"/>
</testsuite> <!-- com.rex.E.E3 -->
