<?xml version="1.0" encoding="UTF-8"?>
<!-- Generated by org.testng.reporters.JUnitReportReporter -->
<testsuite skipped="0" hostname="happy-PC" name="com.rex.U.U8" tests="1" failures="0" timestamp="09 Nov 2019 03:22:53 GMT" time="13.903" errors="0">
  <testcase name="VerifyLogin" time="13.903" classname="com.rex.U.U8"/>
</testsuite> <!-- com.rex.U.U8 -->
