<?xml version="1.0" encoding="UTF-8"?>
<!-- Generated by org.testng.reporters.JUnitReportReporter -->
<testsuite skipped="0" hostname="happy-PC" name="com.rex.U.U7" tests="2" failures="0" timestamp="09 Nov 2019 02:59:27 GMT" time="6.484" errors="0">
  <testcase name="verifyLogin" time="2.709" classname="com.rex.U.U7"/>
  <testcase name="verifyLogin" time="3.775" classname="com.rex.U.U7"/>
</testsuite> <!-- com.rex.U.U7 -->
