<?xml version="1.0" encoding="UTF-8"?>
<!-- Generated by org.testng.reporters.JUnitReportReporter -->
<testsuite skipped="0" hostname="happy-PC" name="com.rex.E.E2" tests="4" failures="0" timestamp="08 Nov 2019 02:45:12 GMT" time="0.016" errors="0">
  <testcase name="test2" time="0.000" classname="com.rex.E.E2"/>
  <testcase name="test1" time="0.016" classname="com.rex.E.E2"/>
  <testcase name="test4" time="0.000" classname="com.rex.E.E2"/>
  <testcase name="test3" time="0.000" classname="com.rex.E.E2"/>
</testsuite> <!-- com.rex.E.E2 -->
