<?xml version="1.0" encoding="UTF-8"?>
<!-- Generated by org.testng.reporters.JUnitReportReporter -->
<testsuite skipped="0" hostname="happy-PC" name="com.rex.T.T2" tests="4" failures="0" timestamp="25 Oct 2019 04:06:39 GMT" time="0.015" errors="0">
  <testcase name="Tc01" time="0.000" classname="com.rex.T.T2"/>
  <testcase name="Tc04" time="0.015" classname="com.rex.T.T2"/>
  <testcase name="Tc03" time="0.000" classname="com.rex.T.T2"/>
  <testcase name="Tc02" time="0.000" classname="com.rex.T.T2"/>
</testsuite> <!-- com.rex.T.T2 -->
