<?xml version="1.0" encoding="UTF-8"?>
<!-- Generated by org.testng.reporters.JUnitReportReporter -->
<testsuite skipped="0" hostname="happy-PC" name="com.rex.U.U1" tests="1" failures="0" timestamp="30 Oct 2019 01:25:21 GMT" time="0.000" errors="0">
  <testcase name="f" time="0.000" classname="com.rex.U.U1"/>
</testsuite> <!-- com.rex.U.U1 -->
