<?xml version="1.0" encoding="UTF-8"?>
<!-- Generated by org.testng.reporters.JUnitReportReporter -->
<testsuite skipped="0" hostname="happy-PC" name="com.rex.U.Tc001" tests="1" failures="0" timestamp="30 Oct 2019 02:27:59 GMT" time="0.894" errors="0">
  <testcase name="VerifyLogin" time="0.894" classname="com.rex.U.Tc001"/>
</testsuite> <!-- com.rex.U.Tc001 -->
