<?xml version="1.0" encoding="UTF-8"?>
<!-- Generated by org.testng.reporters.JUnitReportReporter -->
<testsuite skipped="0" hostname="happy-PC" name="com.rex.E.E4" tests="1" failures="0" timestamp="08 Nov 2019 03:02:41 GMT" time="1.693" errors="0">
  <testcase name="verifyLogin" time="1.693" classname="com.rex.E.E4"/>
</testsuite> <!-- com.rex.E.E4 -->
