<?xml version="1.0" encoding="UTF-8"?>
<!-- Generated by org.testng.reporters.JUnitReportReporter -->
<testsuite skipped="0" hostname="happy-PC" name="com.rex.U.U5" tests="1" failures="0" timestamp="09 Nov 2019 02:22:13 GMT" time="2.305" errors="0">
  <testcase name="verifyLogin" time="2.305" classname="com.rex.U.U5"/>
</testsuite> <!-- com.rex.U.U5 -->
