<?xml version="1.0" encoding="UTF-8"?>
<!-- Generated by org.testng.reporters.JUnitReportReporter -->
<testsuite skipped="0" hostname="happy-PC" name="com.rex.T.T15" tests="1" failures="0" timestamp="25 Oct 2019 07:21:10 GMT" time="17.118" errors="0">
  <testcase name="HmsLogin" time="17.118" classname="com.rex.T.T15"/>
</testsuite> <!-- com.rex.T.T15 -->
