<?xml version="1.0" encoding="UTF-8"?>
<!-- Generated by org.testng.reporters.JUnitReportReporter -->
<testsuite skipped="0" hostname="happy-PC" name="com.rex.T.NewTest" tests="3" failures="0" timestamp="25 Oct 2019 03:59:10 GMT" time="0.015" errors="0">
  <testcase name="T3" time="0.000" classname="com.rex.T.NewTest"/>
  <testcase name="T1" time="0.015" classname="com.rex.T.NewTest"/>
  <testcase name="T2" time="0.000" classname="com.rex.T.NewTest"/>
</testsuite> <!-- com.rex.T.NewTest -->
