<?xml version="1.0" encoding="UTF-8"?>
<!-- Generated by org.testng.reporters.JUnitReportReporter -->
<testsuite skipped="0" hostname="happy-PC" name="com.rex.T.T12" tests="1" failures="0" timestamp="25 Oct 2019 06:46:36 GMT" time="10.779" errors="0">
  <testcase name="loginUsingDataProvider" time="10.779" classname="com.rex.T.T12"/>
</testsuite> <!-- com.rex.T.T12 -->
