<?xml version="1.0" encoding="UTF-8"?>
<!-- Generated by org.testng.reporters.JUnitReportReporter -->
<testsuite skipped="0" hostname="happy-PC" name="com.rex.U.U2" tests="4" failures="0" timestamp="30 Oct 2019 01:32:42 GMT" time="0.016" errors="0">
  <testcase name="t1" time="0.016" classname="com.rex.U.U2"/>
  <testcase name="t2" time="0.000" classname="com.rex.U.U2"/>
  <testcase name="t3" time="0.000" classname="com.rex.U.U2"/>
  <testcase name="t4" time="0.000" classname="com.rex.U.U2"/>
</testsuite> <!-- com.rex.U.U2 -->
