<?xml version="1.0" encoding="UTF-8"?>
<!-- Generated by org.testng.reporters.JUnitReportReporter -->
<testsuite skipped="1" hostname="happy-PC" name="com.rex.T.T3" tests="3" failures="0" timestamp="25 Oct 2019 04:08:57 GMT" time="0.016" errors="0">
  <testcase name="Tc01" time="0.000" classname="com.rex.T.T3"/>
  <testcase name="Tc03" time="0.016" classname="com.rex.T.T3"/>
  <testcase name="Tc02" classname="com.rex.T.T3">
    <skipped/>
  </testcase> <!-- Tc02 -->
</testsuite> <!-- com.rex.T.T3 -->
