<?xml version="1.0" encoding="UTF-8"?>
<!-- Generated by org.testng.reporters.JUnitReportReporter -->
<testsuite skipped="0" hostname="happy-PC" name="com.rex.T.T11" tests="1" failures="0" timestamp="25 Oct 2019 06:03:25 GMT" time="1.499" errors="0">
  <testcase name="HmsLogin" time="1.499" classname="com.rex.T.T11"/>
</testsuite> <!-- com.rex.T.T11 -->
