<?xml version="1.0" encoding="UTF-8"?>
<!-- Generated by org.testng.reporters.JUnitReportReporter -->
<testsuite skipped="0" hostname="happy-PC" name="com.rex.T.T13" tests="1" failures="0" timestamp="25 Oct 2019 07:00:05 GMT" time="0.187" errors="0">
  <testcase name="GetDatafromExcel" time="0.187" classname="com.rex.T.T13"/>
</testsuite> <!-- com.rex.T.T13 -->
