<?xml version="1.0" encoding="UTF-8"?>
<!-- Generated by org.testng.reporters.JUnitReportReporter -->
<testsuite skipped="0" hostname="happy-PC" name="com.rex.T.T14" tests="1" failures="0" timestamp="25 Oct 2019 07:15:34 GMT" time="1.840" errors="0">
  <testcase name="HmsLogin" time="1.840" classname="com.rex.T.T14"/>
</testsuite> <!-- com.rex.T.T14 -->
