<?xml version="1.0" encoding="UTF-8"?>
<!-- Generated by org.testng.reporters.JUnitReportReporter -->
<testsuite skipped="0" hostname="happy-PC" name="com.rex.T.T16" tests="2" failures="0" timestamp="25 Oct 2019 07:43:55 GMT" time="4.132" errors="0">
  <testcase name="VerifyLogin" time="1.790" classname="com.rex.T.T16"/>
  <testcase name="VerifyLogin" time="2.342" classname="com.rex.T.T16"/>
</testsuite> <!-- com.rex.T.T16 -->
