<?xml version="1.0" encoding="UTF-8"?>
<!-- Generated by org.testng.reporters.JUnitReportReporter -->
<testsuite skipped="0" hostname="happy-PC" name="homepage.TC002_PurchaseProduct" tests="1" failures="0" timestamp="22 Sep 2019 12:07:59 GMT" time="26.521" errors="0">
  <testcase name="OrderItem" time="26.521" classname="homepage.TC002_PurchaseProduct"/>
</testsuite> <!-- homepage.TC002_PurchaseProduct -->
