<?xml version="1.0" encoding="UTF-8"?>
<!-- Generated by org.testng.reporters.JUnitReportReporter -->
<testsuite skipped="1" hostname="happy-PC" name="testNG.T3" tests="3" failures="0" timestamp="22 Oct 2019 02:19:41 GMT" time="0.010" errors="0">
  <testcase name="test3" time="0.008" classname="testNG.T3"/>
  <testcase name="test2" time="0.002" classname="testNG.T3"/>
  <testcase name="test1" classname="testNG.T3">
    <skipped/>
  </testcase> <!-- test1 -->
</testsuite> <!-- testNG.T3 -->
