<?xml version="1.0" encoding="UTF-8"?>
<!-- Generated by org.testng.reporters.JUnitReportReporter -->
<testsuite skipped="0" hostname="happy-PC" name="pom.Tc001" tests="1" failures="0" timestamp="22 Oct 2019 05:51:32 GMT" time="17.303" errors="0">
  <testcase name="Login" time="17.303" classname="pom.Tc001"/>
</testsuite> <!-- pom.Tc001 -->
