<?xml version="1.0" encoding="UTF-8"?>
<!-- Generated by org.testng.reporters.JUnitReportReporter -->
<testsuite skipped="0" hostname="happy-PC" name="data.D6" tests="2" failures="0" timestamp="23 Oct 2019 12:38:41 GMT" time="8.251" errors="0">
  <testcase name="login" time="3.664" classname="data.D6"/>
  <testcase name="login" time="4.587" classname="data.D6"/>
</testsuite> <!-- data.D6 -->
