<?xml version="1.0" encoding="UTF-8"?>
<!-- Generated by org.testng.reporters.JUnitReportReporter -->
<testsuite skipped="0" hostname="happy-PC" name="testNG.T9" tests="3" failures="0" timestamp="22 Oct 2019 04:54:40 GMT" time="0.026" errors="0">
  <testcase name="test1" time="0.022" classname="testNG.T9"/>
  <testcase name="test3" time="0.002" classname="testNG.T9"/>
  <testcase name="test2" time="0.002" classname="testNG.T9"/>
</testsuite> <!-- testNG.T9 -->
