<?xml version="1.0" encoding="UTF-8"?>
<!-- Generated by org.testng.reporters.JUnitReportReporter -->
<testsuite skipped="0" hostname="happy-PC" name="testNG.AnnotationDemo" tests="2" failures="0" timestamp="21 Oct 2019 12:48:41 GMT" time="0.016" errors="0">
  <testcase name="test1" time="0.016" classname="testNG.AnnotationDemo"/>
  <testcase name="test2" time="0.000" classname="testNG.AnnotationDemo"/>
</testsuite> <!-- testNG.AnnotationDemo -->
