<?xml version="1.0" encoding="UTF-8"?>
<!-- Generated by org.testng.reporters.JUnitReportReporter -->
<testsuite skipped="0" hostname="happy-PC" name="testNG.T4" tests="4" failures="0" timestamp="22 Oct 2019 02:42:19 GMT" time="0.015" errors="0">
  <testcase name="test1" time="0.000" classname="testNG.T4"/>
  <testcase name="test2" time="0.015" classname="testNG.T4"/>
  <testcase name="test3" time="0.000" classname="testNG.T4"/>
  <testcase name="test4" time="0.000" classname="testNG.T4"/>
</testsuite> <!-- testNG.T4 -->
