<?xml version="1.0" encoding="UTF-8"?>
<!-- Generated by org.testng.reporters.JUnitReportReporter -->
<testsuite skipped="0" hostname="happy-PC" name="data.D1" tests="1" failures="0" timestamp="22 Oct 2019 06:51:36 GMT" time="1.713" errors="0">
  <testcase name="Login" time="1.713" classname="data.D1"/>
</testsuite> <!-- data.D1 -->
