<?xml version="1.0" encoding="UTF-8"?>
<!-- Generated by org.testng.reporters.JUnitReportReporter -->
<testsuite skipped="0" hostname="happy-PC" name="testNG.T6" tests="5" failures="0" timestamp="22 Oct 2019 03:23:59 GMT" time="0.000" errors="0">
  <testcase name="test2" time="0.000" classname="testNG.T6"/>
  <testcase name="test3" time="0.000" classname="testNG.T6"/>
  <testcase name="test5" time="0.000" classname="testNG.T6"/>
  <testcase name="test4" time="0.000" classname="testNG.T6"/>
  <testcase name="test1" time="0.000" classname="testNG.T6"/>
</testsuite> <!-- testNG.T6 -->
