<?xml version="1.0" encoding="UTF-8"?>
<!-- Generated by org.testng.reporters.JUnitReportReporter -->
<testsuite skipped="0" hostname="happy-PC" name="testNG.T2" tests="3" failures="0" timestamp="22 Oct 2019 02:09:02 GMT" time="0.011" errors="0">
  <testcase name="test3" time="0.008" classname="testNG.T2"/>
  <testcase name="test1" time="0.002" classname="testNG.T2"/>
  <testcase name="test2" time="0.001" classname="testNG.T2"/>
</testsuite> <!-- testNG.T2 -->
