<?xml version="1.0" encoding="UTF-8"?>
<!-- Generated by org.testng.reporters.JUnitReportReporter -->
<testsuite skipped="0" hostname="happy-PC" name="data.D2" tests="1" failures="0" timestamp="22 Oct 2019 07:12:32 GMT" time="1.532" errors="0">
  <testcase name="Login" time="1.532" classname="data.D2"/>
</testsuite> <!-- data.D2 -->
