<?xml version="1.0" encoding="UTF-8"?>
<!-- Generated by org.testng.reporters.JUnitReportReporter -->
<testsuite skipped="0" hostname="happy-PC" name="data.HmsLoginUsingXLS" tests="1" failures="0" timestamp="23 Oct 2019 02:33:07 GMT" time="0.510" errors="0">
  <testcase name="loginHMS" time="0.510" classname="data.HmsLoginUsingXLS"/>
</testsuite> <!-- data.HmsLoginUsingXLS -->
