<?xml version="1.0" encoding="UTF-8"?>
<!-- Generated by org.testng.reporters.JUnitReportReporter -->
<testsuite skipped="0" hostname="happy-PC" name="testCases.Log4jDemo" tests="1" failures="0" timestamp="24 Oct 2019 07:07:57 GMT" time="0.018" errors="0">
  <testcase name="f" time="0.018" classname="testCases.Log4jDemo"/>
</testsuite> <!-- testCases.Log4jDemo -->
