<?xml version="1.0" encoding="UTF-8"?>
<!-- Generated by org.testng.reporters.JUnitReportReporter -->
<testsuite skipped="0" hostname="happy-PC" name="testCases.Tc001" tests="1" failures="0" timestamp="24 Oct 2019 03:08:15 GMT" time="1.267" errors="0">
  <testcase name="MaheshHMSLogin" time="1.267" classname="testCases.Tc001"/>
</testsuite> <!-- testCases.Tc001 -->
