<?xml version="1.0" encoding="UTF-8"?>
<!-- Generated by org.testng.reporters.JUnitReportReporter -->
<testsuite skipped="0" hostname="happy-PC" name="testCases.getExcelData" tests="1" failures="0" timestamp="24 Oct 2019 06:03:14 GMT" time="8.500" errors="0">
  <testcase name="getDataFromXLSX" time="8.500" classname="testCases.getExcelData"/>
</testsuite> <!-- testCases.getExcelData -->
