<?xml version="1.0" encoding="UTF-8"?>
<!-- Generated by org.testng.reporters.JUnitXMLReporter -->
<testsuite hostname="happy-PC" ignored="0" name="test-1" tests="1" failures="0" timestamp="25 Oct 2019 06:03:25 GMT" time="7.64" errors="0">
  <testcase name="HmsLogin" time="1.499" classname="com.rex.T.T11"/>
</testsuite> <!-- test-1 -->
